<?xml version="1.0" encoding="utf-8"?><testsuites name="pytest tests"><testsuite name="pytest" errors="0" failures="0" skipped="0" tests="16" time="7.250" timestamp="2026-05-22T20:17:06.310891+00:00" hostname="agent-env-cf61347a-bc89-4548-a1c1-1f5c0be53309"><testcase classname="backend.tests.test_nexus_backend.TestHealth" name="test_health_ok" time="0.202" /><testcase classname="backend.tests.test_nexus_backend.TestHealth" name="test_public_settings" time="0.077" /><testcase classname="backend.tests.test_nexus_backend.TestAuth" name="test_me_without_token_returns_demo" time="0.091" /><testcase classname="backend.tests.test_nexus_backend.TestAuth" name="test_register_login_me" time="0.739" /><testcase classname="backend.tests.test_nexus_backend.TestAuth" name="test_register_duplicate_returns_400" time="0.395" /><testcase classname="backend.tests.test_nexus_backend.TestAuth" name="test_login_invalid" time="0.085" /><testcase classname="backend.tests.test_nexus_backend.TestEntityCRUD" name="test_create_get_update_delete_lead" time="0.531" /><testcase classname="backend.tests.test_nexus_backend.TestEntityCRUD" name="test_list_with_sort_limit_skip" time="0.647" /><testcase classname="backend.tests.test_nexus_backend.TestEntityCRUD" name="test_filter_operators_in_gt" time="0.709" /><testcase classname="backend.tests.test_nexus_backend.TestEntityCRUD" name="test_bulk_create" time="0.257" /><testcase classname="backend.tests.test_nexus_backend.TestEntityCRUD" name="test_count" time="0.503" /><testcase classname="backend.tests.test_nexus_backend.TestFunctions" name="test_calculate_lead_scores" time="0.078" /><testcase classname="backend.tests.test_nexus_backend.TestFunctions" name="test_check_loan_eligibility" time="0.082" /><testcase classname="backend.tests.test_nexus_backend.TestFunctions" name="test_fetch_market_data" time="0.072" /><testcase classname="backend.tests.test_nexus_backend.TestFunctions" name="test_unknown_function_returns_stub_not_500" time="0.073" /><testcase classname="backend.tests.test_nexus_backend.TestPersistence" name="test_data_survives_backend_restart" time="2.565" /></testsuite></testsuites>